[0.000000] (-) TimerEvent: {}
[0.000065] (-) JobUnselected: {'identifier': 'aruco'}
[0.000088] (-) JobUnselected: {'identifier': 'aruco_msgs'}
[0.000103] (-) JobUnselected: {'identifier': 'aruco_ros'}
[0.000116] (-) JobUnselected: {'identifier': 'costmap_converter'}
[0.000129] (-) JobUnselected: {'identifier': 'costmap_converter_msgs'}
[0.000143] (-) JobUnselected: {'identifier': 'costmap_queue'}
[0.000155] (-) JobUnselected: {'identifier': 'csm'}
[0.000167] (-) JobUnselected: {'identifier': 'datasync'}
[0.000179] (-) JobUnselected: {'identifier': 'datasync'}
[0.000192] (-) JobUnselected: {'identifier': 'datasync_2_0'}
[0.000204] (-) JobUnselected: {'identifier': 'datasync_ros2'}
[0.000216] (-) JobUnselected: {'identifier': 'dv-imu-cam-calibration'}
[0.000233] (-) JobUnselected: {'identifier': 'dv-processing'}
[0.000294] (-) JobUnselected: {'identifier': 'dv_ros2_accumulation'}
[0.000307] (-) JobUnselected: {'identifier': 'dv_ros2_aedat4'}
[0.000320] (-) JobUnselected: {'identifier': 'dv_ros2_capture'}
[0.000332] (-) JobUnselected: {'identifier': 'dv_ros2_imu_bias'}
[0.000344] (-) JobUnselected: {'identifier': 'dv_ros2_messaging'}
[0.000356] (-) JobUnselected: {'identifier': 'dv_ros2_msgs'}
[0.000368] (-) JobUnselected: {'identifier': 'dv_ros2_runtime_modules'}
[0.000380] (-) JobUnselected: {'identifier': 'dv_ros2_tracker'}
[0.000392] (-) JobUnselected: {'identifier': 'dv_ros2_visualization'}
[0.000404] (-) JobUnselected: {'identifier': 'dvs_msgs'}
[0.000416] (-) JobUnselected: {'identifier': 'dvs_to_dv_bridge'}
[0.000428] (-) JobUnselected: {'identifier': 'dwb_core'}
[0.000440] (-) JobUnselected: {'identifier': 'dwb_critics'}
[0.000452] (-) JobUnselected: {'identifier': 'dwb_msgs'}
[0.000464] (-) JobUnselected: {'identifier': 'dwb_plugins'}
[0.000476] (-) JobUnselected: {'identifier': 'event_camera_codecs'}
[0.000488] (-) JobUnselected: {'identifier': 'event_camera_msgs'}
[0.000500] (-) JobUnselected: {'identifier': 'event_clustering'}
[0.000512] (-) JobUnselected: {'identifier': 'event_denoise'}
[0.000524] (-) JobUnselected: {'identifier': 'event_depth_midas'}
[0.000536] (-) JobUnselected: {'identifier': 'event_hot_pixel_mask'}
[0.000548] (-) JobUnselected: {'identifier': 'event_nav2_layer'}
[0.000560] (-) JobUnselected: {'identifier': 'event_rate_filter'}
[0.000572] (-) JobUnselected: {'identifier': 'event_segmentation'}
[0.000584] (-) JobUnselected: {'identifier': 'event_tf_static'}
[0.000596] (-) JobUnselected: {'identifier': 'libcaer_driver'}
[0.000608] (-) JobUnselected: {'identifier': 'limo_base'}
[0.000620] (-) JobUnselected: {'identifier': 'limo_bringup'}
[0.000632] (-) JobUnselected: {'identifier': 'limo_car'}
[0.000643] (-) JobUnselected: {'identifier': 'limo_description'}
[0.000655] (-) JobUnselected: {'identifier': 'limo_msgs'}
[0.000667] (-) JobUnselected: {'identifier': 'limo_visions'}
[0.000679] (-) JobUnselected: {'identifier': 'nav2_amcl'}
[0.000691] (-) JobUnselected: {'identifier': 'nav2_behavior_tree'}
[0.000703] (-) JobUnselected: {'identifier': 'nav2_behaviors'}
[0.000715] (-) JobUnselected: {'identifier': 'nav2_bringup'}
[0.000727] (-) JobUnselected: {'identifier': 'nav2_bt_navigator'}
[0.000739] (-) JobUnselected: {'identifier': 'nav2_common'}
[0.000750] (-) JobUnselected: {'identifier': 'nav2_constrained_smoother'}
[0.000762] (-) JobUnselected: {'identifier': 'nav2_controller'}
[0.000774] (-) JobUnselected: {'identifier': 'nav2_core'}
[0.000786] (-) JobUnselected: {'identifier': 'nav2_costmap_2d'}
[0.000798] (-) JobUnselected: {'identifier': 'nav2_dwb_controller'}
[0.000810] (-) JobUnselected: {'identifier': 'nav2_lifecycle_manager'}
[0.000822] (-) JobUnselected: {'identifier': 'nav2_map_server'}
[0.000834] (-) JobUnselected: {'identifier': 'nav2_msgs'}
[0.000846] (-) JobUnselected: {'identifier': 'nav2_navfn_planner'}
[0.000858] (-) JobUnselected: {'identifier': 'nav2_planner'}
[0.000870] (-) JobUnselected: {'identifier': 'nav2_regulated_pure_pursuit_controller'}
[0.000882] (-) JobUnselected: {'identifier': 'nav2_rotation_shim_controller'}
[0.000895] (-) JobUnselected: {'identifier': 'nav2_rviz_plugins'}
[0.001006] (-) JobUnselected: {'identifier': 'nav2_simple_commander'}
[0.001020] (-) JobUnselected: {'identifier': 'nav2_smac_planner'}
[0.001032] (-) JobUnselected: {'identifier': 'nav2_smoother'}
[0.001045] (-) JobUnselected: {'identifier': 'nav2_system_tests'}
[0.001057] (-) JobUnselected: {'identifier': 'nav2_theta_star_planner'}
[0.001069] (-) JobUnselected: {'identifier': 'nav2_util'}
[0.001081] (-) JobUnselected: {'identifier': 'nav2_voxel_grid'}
[0.001093] (-) JobUnselected: {'identifier': 'nav2_waypoint_follower'}
[0.001105] (-) JobUnselected: {'identifier': 'nav_2d_msgs'}
[0.001117] (-) JobUnselected: {'identifier': 'nav_2d_utils'}
[0.001129] (-) JobUnselected: {'identifier': 'navigation2'}
[0.001141] (-) JobUnselected: {'identifier': 'orbbec_camera'}
[0.001153] (-) JobUnselected: {'identifier': 'orbbec_camera_msgs'}
[0.001166] (-) JobUnselected: {'identifier': 'orbbec_description'}
[0.001183] (-) JobUnselected: {'identifier': 'rf2o_laser_odometry'}
[0.001196] (-) JobUnselected: {'identifier': 'teb_local_planner'}
[0.001208] (-) JobUnselected: {'identifier': 'teb_msgs'}
[0.001220] (-) JobUnselected: {'identifier': 'ydlidar_ros2_driver'}
[0.001244] (-) JobUnselected: {'identifier': 'ydlidar_sdk'}
[0.001257] (-) JobUnselected: {'identifier': 'yolov5_ros2'}
[0.001272] (datasync_3_0) JobQueued: {'identifier': 'datasync_3_0', 'dependencies': OrderedDict([('dv_ros2_msgs', '/home/nochi/NOCHI/M2_PAR/Projet_de_synthese/install/dv_ros2_msgs')])}
[0.001290] (datasync_3_0) JobStarted: {'identifier': 'datasync_3_0'}
[0.013086] (datasync_3_0) JobEnded: {'identifier': 'datasync_3_0', 'rc': 1}
[0.023432] (-) EventReactorShutdown: {}
